#! /usr/bin/vvp
:ivl_version "0.9.7 " "(v0_9_7)";
:vpi_time_precision + 0;
:vpi_module "system";
:vpi_module "v2005_math";
:vpi_module "va_math";
S_0x20f7300 .scope module, "testbench" "testbench" 2 1;
 .timescale 0 0;
P_0x210ac98 .param/l "n" 2 2, +C4<011>;
v0x2127570_0 .var "a", 2 0;
v0x2127610_0 .var "b", 2 0;
v0x2127690_0 .net "cout", 0 0, L_0x2129ad0; 1 drivers
v0x2127740_0 .var "m", 0 0;
RS_0x7f0453e835e8 .resolv tri, L_0x2127d20, L_0x21286a0, L_0x2129160, C4<zzz>;
v0x21277f0_0 .net8 "sum", 2 0, RS_0x7f0453e835e8; 3 drivers
S_0x20f6f20 .scope module, "uut" "nBitAddSub" 2 7, 3 25, S_0x20f7300;
 .timescale 0 0;
P_0x20f4568 .param/l "n" 3 26, +C4<011>;
v0x2127220_0 .net "a", 2 0, v0x2127570_0; 1 drivers
v0x21272a0_0 .net "b", 2 0, v0x2127610_0; 1 drivers
RS_0x7f0453e83588 .resolv tri, L_0x2127de0, L_0x2128740, L_0x21292f0, C4<zzz>;
v0x2127320_0 .net8 "carry", 2 0, RS_0x7f0453e83588; 3 drivers
v0x21273a0_0 .alias "cout", 0 0, v0x2127690_0;
v0x2127420_0 .net "m", 0 0, v0x2127740_0; 1 drivers
v0x21274f0_0 .alias "sum", 2 0, v0x21277f0_0;
L_0x2127d20 .part/pv L_0x2127a50, 0, 1, 3;
L_0x2127de0 .part/pv L_0x2127ca0, 0, 1, 3;
L_0x2127ed0 .part v0x2127570_0, 0, 1;
L_0x2128000 .part v0x2127610_0, 0, 1;
L_0x21286a0 .part/pv L_0x21283d0, 1, 1, 3;
L_0x2128740 .part/pv L_0x2128620, 1, 1, 3;
L_0x21288c0 .part v0x2127570_0, 1, 1;
L_0x21289f0 .part v0x2127610_0, 1, 1;
L_0x2128ba0 .part RS_0x7f0453e83588, 0, 1;
L_0x2129160 .part/pv L_0x2128e90, 2, 1, 3;
L_0x21292f0 .part/pv L_0x21290e0, 2, 1, 3;
L_0x2129420 .part v0x2127570_0, 2, 1;
L_0x2129650 .part v0x2127610_0, 2, 1;
L_0x2129920 .part RS_0x7f0453e83588, 1, 1;
L_0x2129ad0 .part RS_0x7f0453e83588, 2, 1;
S_0x21261d0 .scope generate, "genblk1" "genblk1" 3 35, 3 35, S_0x20f6f20;
 .timescale 0 0;
P_0x2125f78 .param/l "i" 3 35, +C4<00>;
S_0x2126300 .scope generate, "genblk2" "genblk2" 3 36, 3 36, S_0x21261d0;
 .timescale 0 0;
L_0x21280f0 .functor XOR 1, L_0x2128000, v0x2127740_0, C4<0>, C4<0>;
v0x21271a0_0 .net *"_s1", 0 0, L_0x2128000; 1 drivers
S_0x21263f0 .scope module, "fa" "fulladd" 3 37, 3 13, S_0x2126300;
 .timescale 0 0;
L_0x2127ca0 .functor OR 1, L_0x21279a0, L_0x2127c20, C4<0>, C4<0>;
v0x2126ba0_0 .net "a", 0 0, L_0x2127ed0; 1 drivers
v0x2126c50_0 .net "b", 0 0, L_0x21280f0; 1 drivers
v0x2126d00_0 .net "c1", 0 0, L_0x21279a0; 1 drivers
v0x2126db0_0 .net "c2", 0 0, L_0x2127c20; 1 drivers
v0x2126e90_0 .alias "c_in", 0 0, v0x2127420_0;
v0x2126f40_0 .net "c_out", 0 0, L_0x2127ca0; 1 drivers
v0x2127000_0 .net "s1", 0 0, L_0x21278a0; 1 drivers
v0x21270d0_0 .net "sum", 0 0, L_0x2127a50; 1 drivers
S_0x21267d0 .scope module, "ha1" "halfadder" 3 19, 3 2, S_0x21263f0;
 .timescale 0 0;
L_0x21278a0 .functor XOR 1, L_0x2127ed0, L_0x21280f0, C4<0>, C4<0>;
L_0x21279a0 .functor AND 1, L_0x2127ed0, L_0x21280f0, C4<1>, C4<1>;
v0x21268c0_0 .alias "a", 0 0, v0x2126ba0_0;
v0x2126980_0 .alias "b", 0 0, v0x2126c50_0;
v0x2126a20_0 .alias "c_out", 0 0, v0x2126d00_0;
v0x2126ac0_0 .alias "sum", 0 0, v0x2127000_0;
S_0x21264e0 .scope module, "ha2" "halfadder" 3 20, 3 2, S_0x21263f0;
 .timescale 0 0;
L_0x2127a50 .functor XOR 1, v0x2127740_0, L_0x21278a0, C4<0>, C4<0>;
L_0x2127c20 .functor AND 1, v0x2127740_0, L_0x21278a0, C4<1>, C4<1>;
v0x21265d0_0 .alias "a", 0 0, v0x2127420_0;
v0x2126650_0 .alias "b", 0 0, v0x2127000_0;
v0x21266d0_0 .alias "c_out", 0 0, v0x2126db0_0;
v0x2126750_0 .alias "sum", 0 0, v0x21270d0_0;
S_0x2125180 .scope generate, "genblk01" "genblk01" 3 35, 3 35, S_0x20f6f20;
 .timescale 0 0;
P_0x2124f28 .param/l "i" 3 35, +C4<01>;
S_0x21252b0 .scope generate, "genblk3" "genblk3" 3 36, 3 36, S_0x2125180;
 .timescale 0 0;
L_0x2128a90 .functor XOR 1, L_0x21289f0, v0x2127740_0, C4<0>, C4<0>;
v0x2126150_0 .net *"_s1", 0 0, L_0x21289f0; 1 drivers
S_0x21253a0 .scope module, "fa" "fulladd" 3 39, 3 13, S_0x21252b0;
 .timescale 0 0;
L_0x2128620 .functor OR 1, L_0x2128300, L_0x21285a0, C4<0>, C4<0>;
v0x2125b50_0 .net "a", 0 0, L_0x21288c0; 1 drivers
v0x2125c00_0 .net "b", 0 0, L_0x2128a90; 1 drivers
v0x2125cb0_0 .net "c1", 0 0, L_0x2128300; 1 drivers
v0x2125d60_0 .net "c2", 0 0, L_0x21285a0; 1 drivers
v0x2125e40_0 .net "c_in", 0 0, L_0x2128ba0; 1 drivers
v0x2125ef0_0 .net "c_out", 0 0, L_0x2128620; 1 drivers
v0x2125fb0_0 .net "s1", 0 0, L_0x21281e0; 1 drivers
v0x2126080_0 .net "sum", 0 0, L_0x21283d0; 1 drivers
S_0x2125780 .scope module, "ha1" "halfadder" 3 19, 3 2, S_0x21253a0;
 .timescale 0 0;
L_0x21281e0 .functor XOR 1, L_0x21288c0, L_0x2128a90, C4<0>, C4<0>;
L_0x2128300 .functor AND 1, L_0x21288c0, L_0x2128a90, C4<1>, C4<1>;
v0x2125870_0 .alias "a", 0 0, v0x2125b50_0;
v0x2125930_0 .alias "b", 0 0, v0x2125c00_0;
v0x21259d0_0 .alias "c_out", 0 0, v0x2125cb0_0;
v0x2125a70_0 .alias "sum", 0 0, v0x2125fb0_0;
S_0x2125490 .scope module, "ha2" "halfadder" 3 20, 3 2, S_0x21253a0;
 .timescale 0 0;
L_0x21283d0 .functor XOR 1, L_0x2128ba0, L_0x21281e0, C4<0>, C4<0>;
L_0x21285a0 .functor AND 1, L_0x2128ba0, L_0x21281e0, C4<1>, C4<1>;
v0x2125580_0 .alias "a", 0 0, v0x2125e40_0;
v0x2125600_0 .alias "b", 0 0, v0x2125fb0_0;
v0x2125680_0 .alias "c_out", 0 0, v0x2125d60_0;
v0x2125700_0 .alias "sum", 0 0, v0x2126080_0;
S_0x20f4ee0 .scope generate, "genblk001" "genblk001" 3 35, 3 35, S_0x20f6f20;
 .timescale 0 0;
P_0x20f7b58 .param/l "i" 3 35, +C4<010>;
S_0x20f5770 .scope generate, "genblk3" "genblk3" 3 36, 3 36, S_0x20f4ee0;
 .timescale 0 0;
L_0x2129290 .functor XOR 1, L_0x2129650, v0x2127740_0, C4<0>, C4<0>;
v0x2125100_0 .net *"_s1", 0 0, L_0x2129650; 1 drivers
S_0x20f52f0 .scope module, "fa" "fulladd" 3 39, 3 13, S_0x20f5770;
 .timescale 0 0;
L_0x21290e0 .functor OR 1, L_0x2128dc0, L_0x2129060, C4<0>, C4<0>;
v0x2124b00_0 .net "a", 0 0, L_0x2129420; 1 drivers
v0x2124bb0_0 .net "b", 0 0, L_0x2129290; 1 drivers
v0x2124c60_0 .net "c1", 0 0, L_0x2128dc0; 1 drivers
v0x2124d10_0 .net "c2", 0 0, L_0x2129060; 1 drivers
v0x2124df0_0 .net "c_in", 0 0, L_0x2129920; 1 drivers
v0x2124ea0_0 .net "c_out", 0 0, L_0x21290e0; 1 drivers
v0x2124f60_0 .net "s1", 0 0, L_0x2128cd0; 1 drivers
v0x2125030_0 .net "sum", 0 0, L_0x2128e90; 1 drivers
S_0x2124730 .scope module, "ha1" "halfadder" 3 19, 3 2, S_0x20f52f0;
 .timescale 0 0;
L_0x2128cd0 .functor XOR 1, L_0x2129420, L_0x2129290, C4<0>, C4<0>;
L_0x2128dc0 .functor AND 1, L_0x2129420, L_0x2129290, C4<1>, C4<1>;
v0x2124820_0 .alias "a", 0 0, v0x2124b00_0;
v0x21248e0_0 .alias "b", 0 0, v0x2124bb0_0;
v0x2124980_0 .alias "c_out", 0 0, v0x2124c60_0;
v0x2124a20_0 .alias "sum", 0 0, v0x2124f60_0;
S_0x20f6a90 .scope module, "ha2" "halfadder" 3 20, 3 2, S_0x20f52f0;
 .timescale 0 0;
L_0x2128e90 .functor XOR 1, L_0x2129920, L_0x2128cd0, C4<0>, C4<0>;
L_0x2129060 .functor AND 1, L_0x2129920, L_0x2128cd0, C4<1>, C4<1>;
v0x20f4c10_0 .alias "a", 0 0, v0x2124df0_0;
v0x2124540_0 .alias "b", 0 0, v0x2124f60_0;
v0x21245e0_0 .alias "c_out", 0 0, v0x2124d10_0;
v0x2124680_0 .alias "sum", 0 0, v0x2125030_0;
    .scope S_0x20f7300;
T_0 ;
    %vpi_call 2 10 "$dumpfile", "nBitFullAdder.vcd";
    %vpi_call 2 11 "$dumpvars", 1'sb0, S_0x20f7300;
    %set/v v0x2127740_0, 0, 1;
    %set/v v0x2127570_0, 0, 3;
    %set/v v0x2127610_0, 0, 3;
    %vpi_call 2 14 "$display", "\012Output for addition operation\012";
    %delay 5, 0;
    %movi 8, 1, 3;
    %set/v v0x2127610_0, 8, 3;
    %delay 5, 0;
    %movi 8, 4, 3;
    %set/v v0x2127610_0, 8, 3;
    %delay 5, 0;
    %movi 8, 6, 3;
    %set/v v0x2127610_0, 8, 3;
    %delay 5, 0;
    %movi 8, 2, 3;
    %set/v v0x2127570_0, 8, 3;
    %delay 5, 0;
    %movi 8, 6, 3;
    %set/v v0x2127610_0, 8, 3;
    %delay 5, 0;
    %movi 8, 1, 3;
    %set/v v0x2127610_0, 8, 3;
    %delay 5, 0;
    %movi 8, 4, 3;
    %set/v v0x2127570_0, 8, 3;
    %delay 5, 0;
    %set/v v0x2127610_0, 0, 3;
    %delay 5, 0;
    %movi 8, 2, 3;
    %set/v v0x2127610_0, 8, 3;
    %delay 10, 0;
    %set/v v0x2127740_0, 1, 1;
    %vpi_call 2 30 "$display", "\012Output for subtraction operation\012";
    %movi 8, 3, 3;
    %set/v v0x2127570_0, 8, 3;
    %set/v v0x2127610_0, 0, 3;
    %delay 5, 0;
    %movi 8, 2, 3;
    %set/v v0x2127610_0, 8, 3;
    %delay 5, 0;
    %movi 8, 4, 3;
    %set/v v0x2127610_0, 8, 3;
    %delay 5, 0;
    %movi 8, 1, 3;
    %set/v v0x2127610_0, 8, 3;
    %delay 5, 0;
    %movi 8, 2, 3;
    %set/v v0x2127570_0, 8, 3;
    %delay 5, 0;
    %movi 8, 5, 3;
    %set/v v0x2127610_0, 8, 3;
    %delay 5, 0;
    %set/v v0x2127610_0, 1, 3;
    %delay 5, 0;
    %movi 8, 5, 3;
    %set/v v0x2127570_0, 8, 3;
    %delay 5, 0;
    %movi 8, 3, 3;
    %set/v v0x2127610_0, 8, 3;
    %delay 5, 0;
    %set/v v0x2127610_0, 0, 3;
    %end;
    .thread T_0;
    .scope S_0x20f7300;
T_1 ;
    %vpi_call 2 48 "$display", "M\011A\011B\011SUM\011CARRY";
    %vpi_call 2 49 "$monitor", "%b\011%3b\011%3b\011%3b\011%b", v0x2127740_0, v0x2127570_0, v0x2127610_0, v0x21277f0_0, v0x2127690_0;
    %end;
    .thread T_1;
# The file index is used to find the file name in the following table.
:file_names 4;
    "N/A";
    "<interactive>";
    "tb_n_BitFullAdder.v";
    "n_BitFullAdder.v";
